2023-02-18 09:40:33.289 +06:00 [INF] Application Starting up
2023-02-18 09:41:21.880 +06:00 [ERR] An unhandled exception has occurred while executing the request.
System.InvalidOperationException: The model item passed into the ViewDataDictionary is of type 'GtrWork.Areas.Admin.Models.ProductListModel', but this ViewDataDictionary instance requires a model item of type 'GtrWork.Areas.Admin.Models.CreateProductModel'.
   at Microsoft.AspNetCore.Mvc.ViewFeatures.ViewDataDictionary.EnsureCompatible(Object value)
   at Microsoft.AspNetCore.Mvc.ViewFeatures.ViewDataDictionary..ctor(ViewDataDictionary source, Object model, Type declaredModelType)
   at lambda_method635(Closure , ViewDataDictionary )
   at Microsoft.AspNetCore.Mvc.Razor.RazorPagePropertyActivator.CreateViewDataDictionary(ViewContext context)
   at Microsoft.AspNetCore.Mvc.Razor.RazorPagePropertyActivator.Activate(Object page, ViewContext context)
   at Microsoft.AspNetCore.Mvc.Razor.RazorPageActivator.Activate(IRazorPage page, ViewContext context)
   at Microsoft.AspNetCore.Mvc.Razor.RazorView.RenderPageCoreAsync(IRazorPage page, ViewContext context)
   at Microsoft.AspNetCore.Mvc.Razor.RazorView.RenderPageAsync(IRazorPage page, ViewContext context, Boolean invokeViewStarts)
   at Microsoft.AspNetCore.Mvc.Razor.RazorView.RenderAsync(ViewContext context)
   at Microsoft.AspNetCore.Mvc.ViewFeatures.ViewExecutor.ExecuteAsync(ViewContext viewContext, String contentType, Nullable`1 statusCode)
   at Microsoft.AspNetCore.Mvc.ViewFeatures.ViewExecutor.ExecuteAsync(ViewContext viewContext, String contentType, Nullable`1 statusCode)
   at Microsoft.AspNetCore.Mvc.ViewFeatures.ViewExecutor.ExecuteAsync(ActionContext actionContext, IView view, ViewDataDictionary viewData, ITempDataDictionary tempData, String contentType, Nullable`1 statusCode)
   at Microsoft.AspNetCore.Mvc.ViewFeatures.ViewResultExecutor.ExecuteAsync(ActionContext context, ViewResult result)
   at Microsoft.AspNetCore.Mvc.ViewResult.ExecuteResultAsync(ActionContext context)
   at Microsoft.AspNetCore.Mvc.Infrastructure.ResourceInvoker.<InvokeNextResultFilterAsync>g__Awaited|29_0[TFilter,TFilterAsync](ResourceInvoker invoker, Task lastTask, State next, Scope scope, Object state, Boolean isCompleted)
   at Microsoft.AspNetCore.Mvc.Infrastructure.ResourceInvoker.Rethrow(ResultExecutedContextSealed context)
   at Microsoft.AspNetCore.Mvc.Infrastructure.ResourceInvoker.ResultNext[TFilter,TFilterAsync](State& next, Scope& scope, Object& state, Boolean& isCompleted)
   at Microsoft.AspNetCore.Mvc.Infrastructure.ResourceInvoker.InvokeResultFilters()
--- End of stack trace from previous location ---
   at Microsoft.AspNetCore.Mvc.Infrastructure.ResourceInvoker.<InvokeNextResourceFilter>g__Awaited|24_0(ResourceInvoker invoker, Task lastTask, State next, Scope scope, Object state, Boolean isCompleted)
   at Microsoft.AspNetCore.Mvc.Infrastructure.ResourceInvoker.Rethrow(ResourceExecutedContextSealed context)
   at Microsoft.AspNetCore.Mvc.Infrastructure.ResourceInvoker.Next(State& next, Scope& scope, Object& state, Boolean& isCompleted)
   at Microsoft.AspNetCore.Mvc.Infrastructure.ResourceInvoker.InvokeFilterPipelineAsync()
--- End of stack trace from previous location ---
   at Microsoft.AspNetCore.Mvc.Infrastructure.ResourceInvoker.<InvokeAsync>g__Awaited|17_0(ResourceInvoker invoker, Task task, IDisposable scope)
   at Microsoft.AspNetCore.Routing.EndpointMiddleware.<Invoke>g__AwaitRequestTask|6_0(Endpoint endpoint, Task requestTask, ILogger logger)
   at Microsoft.AspNetCore.Session.SessionMiddleware.Invoke(HttpContext context)
   at Microsoft.AspNetCore.Session.SessionMiddleware.Invoke(HttpContext context)
   at Microsoft.AspNetCore.Authorization.AuthorizationMiddleware.Invoke(HttpContext context)
   at Microsoft.AspNetCore.Authentication.AuthenticationMiddleware.Invoke(HttpContext context)
   at Microsoft.AspNetCore.Diagnostics.EntityFrameworkCore.MigrationsEndPointMiddleware.Invoke(HttpContext context)
   at Microsoft.AspNetCore.Diagnostics.DeveloperExceptionPageMiddleware.Invoke(HttpContext context)
2023-02-18 09:41:27.401 +06:00 [ERR] An exception occurred while calculating the database error page content. Skipping display of the database error page.
Microsoft.Data.SqlClient.SqlException (0x80131904): Login failed for user 'GtrWork'.
   at Microsoft.Data.SqlClient.SqlInternalConnection.OnError(SqlException exception, Boolean breakConnection, Action`1 wrapCloseInAction)
   at Microsoft.Data.SqlClient.TdsParser.ThrowExceptionAndWarning(TdsParserStateObject stateObj, Boolean callerHasConnectionLock, Boolean asyncClose)
   at Microsoft.Data.SqlClient.TdsParser.TryRun(RunBehavior runBehavior, SqlCommand cmdHandler, SqlDataReader dataStream, BulkCopySimpleResultSet bulkCopyHandler, TdsParserStateObject stateObj, Boolean& dataReady)
   at Microsoft.Data.SqlClient.TdsParser.Run(RunBehavior runBehavior, SqlCommand cmdHandler, SqlDataReader dataStream, BulkCopySimpleResultSet bulkCopyHandler, TdsParserStateObject stateObj)
   at Microsoft.Data.SqlClient.SqlInternalConnectionTds.CompleteLogin(Boolean enlistOK)
   at Microsoft.Data.SqlClient.SqlInternalConnectionTds.AttemptOneLogin(ServerInfo serverInfo, String newPassword, SecureString newSecurePassword, Boolean ignoreSniOpenTimeout, TimeoutTimer timeout, Boolean withFailover)
   at Microsoft.Data.SqlClient.SqlInternalConnectionTds.LoginNoFailover(ServerInfo serverInfo, String newPassword, SecureString newSecurePassword, Boolean redirectedUserInstance, SqlConnectionString connectionOptions, SqlCredential credential, TimeoutTimer timeout)
   at Microsoft.Data.SqlClient.SqlInternalConnectionTds.OpenLoginEnlist(TimeoutTimer timeout, SqlConnectionString connectionOptions, SqlCredential credential, String newPassword, SecureString newSecurePassword, Boolean redirectedUserInstance)
   at Microsoft.Data.SqlClient.SqlInternalConnectionTds..ctor(DbConnectionPoolIdentity identity, SqlConnectionString connectionOptions, SqlCredential credential, Object providerInfo, String newPassword, SecureString newSecurePassword, Boolean redirectedUserInstance, SqlConnectionString userConnectionOptions, SessionData reconnectSessionData, Boolean applyTransientFaultHandling, String accessToken, DbConnectionPool pool)
   at Microsoft.Data.SqlClient.SqlConnectionFactory.CreateConnection(DbConnectionOptions options, DbConnectionPoolKey poolKey, Object poolGroupProviderInfo, DbConnectionPool pool, DbConnection owningConnection, DbConnectionOptions userOptions)
   at Microsoft.Data.ProviderBase.DbConnectionFactory.CreatePooledConnection(DbConnectionPool pool, DbConnection owningObject, DbConnectionOptions options, DbConnectionPoolKey poolKey, DbConnectionOptions userOptions)
   at Microsoft.Data.ProviderBase.DbConnectionPool.CreateObject(DbConnection owningObject, DbConnectionOptions userOptions, DbConnectionInternal oldConnection)
   at Microsoft.Data.ProviderBase.DbConnectionPool.UserCreateRequest(DbConnection owningObject, DbConnectionOptions userOptions, DbConnectionInternal oldConnection)
   at Microsoft.Data.ProviderBase.DbConnectionPool.TryGetConnection(DbConnection owningObject, UInt32 waitForMultipleObjectsTimeout, Boolean allowCreate, Boolean onlyOneCheckConnection, DbConnectionOptions userOptions, DbConnectionInternal& connection)
   at Microsoft.Data.ProviderBase.DbConnectionPool.WaitForPendingOpen()
--- End of stack trace from previous location ---
   at Microsoft.EntityFrameworkCore.Storage.RelationalConnection.OpenInternalAsync(Boolean errorsExpected, CancellationToken cancellationToken)
   at Microsoft.EntityFrameworkCore.Storage.RelationalConnection.OpenInternalAsync(Boolean errorsExpected, CancellationToken cancellationToken)
   at Microsoft.EntityFrameworkCore.Storage.RelationalConnection.OpenAsync(CancellationToken cancellationToken, Boolean errorsExpected)
   at Microsoft.EntityFrameworkCore.SqlServer.Storage.Internal.SqlServerDatabaseCreator.<>c__DisplayClass20_0.<<ExistsAsync>b__0>d.MoveNext()
--- End of stack trace from previous location ---
   at Microsoft.EntityFrameworkCore.SqlServer.Storage.Internal.SqlServerDatabaseCreator.<>c__DisplayClass20_0.<<ExistsAsync>b__0>d.MoveNext()
--- End of stack trace from previous location ---
   at Microsoft.EntityFrameworkCore.SqlServer.Storage.Internal.SqlServerDatabaseCreator.<>c__DisplayClass20_0.<<ExistsAsync>b__0>d.MoveNext()
--- End of stack trace from previous location ---
   at Microsoft.EntityFrameworkCore.SqlServer.Storage.Internal.SqlServerExecutionStrategy.ExecuteAsync[TState,TResult](TState state, Func`4 operation, Func`4 verifySucceeded, CancellationToken cancellationToken)
   at Microsoft.AspNetCore.Diagnostics.EntityFrameworkCore.HttpContextDatabaseContextDetailsExtensions.GetContextDetailsAsync(HttpContext httpContext, Type dbcontextType, ILogger logger)
   at Microsoft.AspNetCore.Diagnostics.EntityFrameworkCore.DatabaseDeveloperPageExceptionFilter.HandleExceptionAsync(ErrorContext errorContext, Func`2 next)
ClientConnectionId:aa4e2eed-c2ff-4a0a-a0e3-c6a49d1f8a7f
Error Number:18456,State:1,Class:14
2023-02-18 09:50:45.686 +06:00 [INF] Application Starting up
2023-02-18 09:50:54.529 +06:00 [ERR] An unhandled exception has occurred while executing the request.
System.InvalidOperationException: The model item passed into the ViewDataDictionary is of type 'GtrWork.Areas.Admin.Models.ProductListModel', but this ViewDataDictionary instance requires a model item of type 'GtrWork.Areas.Admin.Models.CreateProductModel'.
   at Microsoft.AspNetCore.Mvc.ViewFeatures.ViewDataDictionary.EnsureCompatible(Object value)
   at Microsoft.AspNetCore.Mvc.ViewFeatures.ViewDataDictionary..ctor(ViewDataDictionary source, Object model, Type declaredModelType)
   at lambda_method585(Closure , ViewDataDictionary )
   at Microsoft.AspNetCore.Mvc.Razor.RazorPagePropertyActivator.CreateViewDataDictionary(ViewContext context)
   at Microsoft.AspNetCore.Mvc.Razor.RazorPagePropertyActivator.Activate(Object page, ViewContext context)
   at Microsoft.AspNetCore.Mvc.Razor.RazorPageActivator.Activate(IRazorPage page, ViewContext context)
   at Microsoft.AspNetCore.Mvc.Razor.RazorView.RenderPageCoreAsync(IRazorPage page, ViewContext context)
   at Microsoft.AspNetCore.Mvc.Razor.RazorView.RenderPageAsync(IRazorPage page, ViewContext context, Boolean invokeViewStarts)
   at Microsoft.AspNetCore.Mvc.Razor.RazorView.RenderAsync(ViewContext context)
   at Microsoft.AspNetCore.Mvc.ViewFeatures.ViewExecutor.ExecuteAsync(ViewContext viewContext, String contentType, Nullable`1 statusCode)
   at Microsoft.AspNetCore.Mvc.ViewFeatures.ViewExecutor.ExecuteAsync(ViewContext viewContext, String contentType, Nullable`1 statusCode)
   at Microsoft.AspNetCore.Mvc.ViewFeatures.ViewExecutor.ExecuteAsync(ActionContext actionContext, IView view, ViewDataDictionary viewData, ITempDataDictionary tempData, String contentType, Nullable`1 statusCode)
   at Microsoft.AspNetCore.Mvc.ViewFeatures.ViewResultExecutor.ExecuteAsync(ActionContext context, ViewResult result)
   at Microsoft.AspNetCore.Mvc.ViewResult.ExecuteResultAsync(ActionContext context)
   at Microsoft.AspNetCore.Mvc.Infrastructure.ResourceInvoker.<InvokeNextResultFilterAsync>g__Awaited|29_0[TFilter,TFilterAsync](ResourceInvoker invoker, Task lastTask, State next, Scope scope, Object state, Boolean isCompleted)
   at Microsoft.AspNetCore.Mvc.Infrastructure.ResourceInvoker.Rethrow(ResultExecutedContextSealed context)
   at Microsoft.AspNetCore.Mvc.Infrastructure.ResourceInvoker.ResultNext[TFilter,TFilterAsync](State& next, Scope& scope, Object& state, Boolean& isCompleted)
   at Microsoft.AspNetCore.Mvc.Infrastructure.ResourceInvoker.InvokeResultFilters()
--- End of stack trace from previous location ---
   at Microsoft.AspNetCore.Mvc.Infrastructure.ResourceInvoker.<InvokeNextResourceFilter>g__Awaited|24_0(ResourceInvoker invoker, Task lastTask, State next, Scope scope, Object state, Boolean isCompleted)
   at Microsoft.AspNetCore.Mvc.Infrastructure.ResourceInvoker.Rethrow(ResourceExecutedContextSealed context)
   at Microsoft.AspNetCore.Mvc.Infrastructure.ResourceInvoker.Next(State& next, Scope& scope, Object& state, Boolean& isCompleted)
   at Microsoft.AspNetCore.Mvc.Infrastructure.ResourceInvoker.InvokeFilterPipelineAsync()
--- End of stack trace from previous location ---
   at Microsoft.AspNetCore.Mvc.Infrastructure.ResourceInvoker.<InvokeAsync>g__Awaited|17_0(ResourceInvoker invoker, Task task, IDisposable scope)
   at Microsoft.AspNetCore.Routing.EndpointMiddleware.<Invoke>g__AwaitRequestTask|6_0(Endpoint endpoint, Task requestTask, ILogger logger)
   at Microsoft.AspNetCore.Session.SessionMiddleware.Invoke(HttpContext context)
   at Microsoft.AspNetCore.Session.SessionMiddleware.Invoke(HttpContext context)
   at Microsoft.AspNetCore.Authorization.AuthorizationMiddleware.Invoke(HttpContext context)
   at Microsoft.AspNetCore.Authentication.AuthenticationMiddleware.Invoke(HttpContext context)
   at Microsoft.AspNetCore.Diagnostics.EntityFrameworkCore.MigrationsEndPointMiddleware.Invoke(HttpContext context)
   at Microsoft.AspNetCore.Diagnostics.DeveloperExceptionPageMiddleware.Invoke(HttpContext context)
2023-02-18 09:55:01.874 +06:00 [ERR] Create Course Failed
AutoMapper.AutoMapperMappingException: Missing type map configuration or unsupported mapping.

Mapping types:
CreateProductModel -> Product
GtrWork.Areas.Admin.Models.CreateProductModel -> GtrWork.Training.BusinessObjects.Product
   at lambda_method619(Closure , Object , Product , ResolutionContext )
   at GtrWork.Areas.Admin.Models.CreateProductModel.CreateProduct() in F:\GtrWork\GtrWork\Areas\Admin\Models\CreateProductModel.cs:line 40
   at GtrWork.Areas.admin.Controllers.ProductController.Create(CreateProductModel model) in F:\GtrWork\GtrWork\Areas\Admin\Controllers\ProductController.cs:line 53
2023-02-18 09:58:12.524 +06:00 [INF] Application Starting up
2023-02-18 09:58:23.755 +06:00 [ERR] An unhandled exception has occurred while executing the request.
System.InvalidOperationException: The model item passed into the ViewDataDictionary is of type 'GtrWork.Areas.Admin.Models.ProductListModel', but this ViewDataDictionary instance requires a model item of type 'GtrWork.Areas.Admin.Models.CreateProductModel'.
   at Microsoft.AspNetCore.Mvc.ViewFeatures.ViewDataDictionary.EnsureCompatible(Object value)
   at Microsoft.AspNetCore.Mvc.ViewFeatures.ViewDataDictionary..ctor(ViewDataDictionary source, Object model, Type declaredModelType)
   at lambda_method585(Closure , ViewDataDictionary )
   at Microsoft.AspNetCore.Mvc.Razor.RazorPagePropertyActivator.CreateViewDataDictionary(ViewContext context)
   at Microsoft.AspNetCore.Mvc.Razor.RazorPagePropertyActivator.Activate(Object page, ViewContext context)
   at Microsoft.AspNetCore.Mvc.Razor.RazorPageActivator.Activate(IRazorPage page, ViewContext context)
   at Microsoft.AspNetCore.Mvc.Razor.RazorView.RenderPageCoreAsync(IRazorPage page, ViewContext context)
   at Microsoft.AspNetCore.Mvc.Razor.RazorView.RenderPageAsync(IRazorPage page, ViewContext context, Boolean invokeViewStarts)
   at Microsoft.AspNetCore.Mvc.Razor.RazorView.RenderAsync(ViewContext context)
   at Microsoft.AspNetCore.Mvc.ViewFeatures.ViewExecutor.ExecuteAsync(ViewContext viewContext, String contentType, Nullable`1 statusCode)
   at Microsoft.AspNetCore.Mvc.ViewFeatures.ViewExecutor.ExecuteAsync(ViewContext viewContext, String contentType, Nullable`1 statusCode)
   at Microsoft.AspNetCore.Mvc.ViewFeatures.ViewExecutor.ExecuteAsync(ActionContext actionContext, IView view, ViewDataDictionary viewData, ITempDataDictionary tempData, String contentType, Nullable`1 statusCode)
   at Microsoft.AspNetCore.Mvc.ViewFeatures.ViewResultExecutor.ExecuteAsync(ActionContext context, ViewResult result)
   at Microsoft.AspNetCore.Mvc.ViewResult.ExecuteResultAsync(ActionContext context)
   at Microsoft.AspNetCore.Mvc.Infrastructure.ResourceInvoker.<InvokeNextResultFilterAsync>g__Awaited|29_0[TFilter,TFilterAsync](ResourceInvoker invoker, Task lastTask, State next, Scope scope, Object state, Boolean isCompleted)
   at Microsoft.AspNetCore.Mvc.Infrastructure.ResourceInvoker.Rethrow(ResultExecutedContextSealed context)
   at Microsoft.AspNetCore.Mvc.Infrastructure.ResourceInvoker.ResultNext[TFilter,TFilterAsync](State& next, Scope& scope, Object& state, Boolean& isCompleted)
   at Microsoft.AspNetCore.Mvc.Infrastructure.ResourceInvoker.InvokeResultFilters()
--- End of stack trace from previous location ---
   at Microsoft.AspNetCore.Mvc.Infrastructure.ResourceInvoker.<InvokeNextResourceFilter>g__Awaited|24_0(ResourceInvoker invoker, Task lastTask, State next, Scope scope, Object state, Boolean isCompleted)
   at Microsoft.AspNetCore.Mvc.Infrastructure.ResourceInvoker.Rethrow(ResourceExecutedContextSealed context)
   at Microsoft.AspNetCore.Mvc.Infrastructure.ResourceInvoker.Next(State& next, Scope& scope, Object& state, Boolean& isCompleted)
   at Microsoft.AspNetCore.Mvc.Infrastructure.ResourceInvoker.InvokeFilterPipelineAsync()
--- End of stack trace from previous location ---
   at Microsoft.AspNetCore.Mvc.Infrastructure.ResourceInvoker.<InvokeAsync>g__Awaited|17_0(ResourceInvoker invoker, Task task, IDisposable scope)
   at Microsoft.AspNetCore.Routing.EndpointMiddleware.<Invoke>g__AwaitRequestTask|6_0(Endpoint endpoint, Task requestTask, ILogger logger)
   at Microsoft.AspNetCore.Session.SessionMiddleware.Invoke(HttpContext context)
   at Microsoft.AspNetCore.Session.SessionMiddleware.Invoke(HttpContext context)
   at Microsoft.AspNetCore.Authorization.AuthorizationMiddleware.Invoke(HttpContext context)
   at Microsoft.AspNetCore.Authentication.AuthenticationMiddleware.Invoke(HttpContext context)
   at Microsoft.AspNetCore.Diagnostics.EntityFrameworkCore.MigrationsEndPointMiddleware.Invoke(HttpContext context)
   at Microsoft.AspNetCore.Diagnostics.DeveloperExceptionPageMiddleware.Invoke(HttpContext context)
2023-02-18 09:58:25.904 +06:00 [ERR] An unhandled exception has occurred while executing the request.
System.InvalidOperationException: The model item passed into the ViewDataDictionary is of type 'GtrWork.Areas.Admin.Models.ProductListModel', but this ViewDataDictionary instance requires a model item of type 'GtrWork.Areas.Admin.Models.CreateProductModel'.
   at Microsoft.AspNetCore.Mvc.ViewFeatures.ViewDataDictionary.EnsureCompatible(Object value)
   at Microsoft.AspNetCore.Mvc.ViewFeatures.ViewDataDictionary..ctor(ViewDataDictionary source, Object model, Type declaredModelType)
   at lambda_method585(Closure , ViewDataDictionary )
   at Microsoft.AspNetCore.Mvc.Razor.RazorPagePropertyActivator.CreateViewDataDictionary(ViewContext context)
   at Microsoft.AspNetCore.Mvc.Razor.RazorPagePropertyActivator.Activate(Object page, ViewContext context)
   at Microsoft.AspNetCore.Mvc.Razor.RazorPageActivator.Activate(IRazorPage page, ViewContext context)
   at Microsoft.AspNetCore.Mvc.Razor.RazorView.RenderPageCoreAsync(IRazorPage page, ViewContext context)
   at Microsoft.AspNetCore.Mvc.Razor.RazorView.RenderPageAsync(IRazorPage page, ViewContext context, Boolean invokeViewStarts)
   at Microsoft.AspNetCore.Mvc.Razor.RazorView.RenderAsync(ViewContext context)
   at Microsoft.AspNetCore.Mvc.ViewFeatures.ViewExecutor.ExecuteAsync(ViewContext viewContext, String contentType, Nullable`1 statusCode)
   at Microsoft.AspNetCore.Mvc.ViewFeatures.ViewExecutor.ExecuteAsync(ViewContext viewContext, String contentType, Nullable`1 statusCode)
   at Microsoft.AspNetCore.Mvc.ViewFeatures.ViewExecutor.ExecuteAsync(ActionContext actionContext, IView view, ViewDataDictionary viewData, ITempDataDictionary tempData, String contentType, Nullable`1 statusCode)
   at Microsoft.AspNetCore.Mvc.ViewFeatures.ViewResultExecutor.ExecuteAsync(ActionContext context, ViewResult result)
   at Microsoft.AspNetCore.Mvc.ViewResult.ExecuteResultAsync(ActionContext context)
   at Microsoft.AspNetCore.Mvc.Infrastructure.ResourceInvoker.<InvokeNextResultFilterAsync>g__Awaited|29_0[TFilter,TFilterAsync](ResourceInvoker invoker, Task lastTask, State next, Scope scope, Object state, Boolean isCompleted)
   at Microsoft.AspNetCore.Mvc.Infrastructure.ResourceInvoker.Rethrow(ResultExecutedContextSealed context)
   at Microsoft.AspNetCore.Mvc.Infrastructure.ResourceInvoker.ResultNext[TFilter,TFilterAsync](State& next, Scope& scope, Object& state, Boolean& isCompleted)
   at Microsoft.AspNetCore.Mvc.Infrastructure.ResourceInvoker.InvokeResultFilters()
--- End of stack trace from previous location ---
   at Microsoft.AspNetCore.Mvc.Infrastructure.ResourceInvoker.<InvokeNextResourceFilter>g__Awaited|24_0(ResourceInvoker invoker, Task lastTask, State next, Scope scope, Object state, Boolean isCompleted)
   at Microsoft.AspNetCore.Mvc.Infrastructure.ResourceInvoker.Rethrow(ResourceExecutedContextSealed context)
   at Microsoft.AspNetCore.Mvc.Infrastructure.ResourceInvoker.Next(State& next, Scope& scope, Object& state, Boolean& isCompleted)
   at Microsoft.AspNetCore.Mvc.Infrastructure.ResourceInvoker.InvokeFilterPipelineAsync()
--- End of stack trace from previous location ---
   at Microsoft.AspNetCore.Mvc.Infrastructure.ResourceInvoker.<InvokeAsync>g__Awaited|17_0(ResourceInvoker invoker, Task task, IDisposable scope)
   at Microsoft.AspNetCore.Routing.EndpointMiddleware.<Invoke>g__AwaitRequestTask|6_0(Endpoint endpoint, Task requestTask, ILogger logger)
   at Microsoft.AspNetCore.Session.SessionMiddleware.Invoke(HttpContext context)
   at Microsoft.AspNetCore.Session.SessionMiddleware.Invoke(HttpContext context)
   at Microsoft.AspNetCore.Authorization.AuthorizationMiddleware.Invoke(HttpContext context)
   at Microsoft.AspNetCore.Authentication.AuthenticationMiddleware.Invoke(HttpContext context)
   at Microsoft.AspNetCore.Diagnostics.EntityFrameworkCore.MigrationsEndPointMiddleware.Invoke(HttpContext context)
   at Microsoft.AspNetCore.Diagnostics.DeveloperExceptionPageMiddleware.Invoke(HttpContext context)
2023-02-18 09:59:34.473 +06:00 [INF] Application Starting up
2023-02-18 10:09:30.011 +06:00 [INF] Application Starting up
2023-02-18 10:12:58.054 +06:00 [INF] Application Starting up
2023-02-18 10:14:45.144 +06:00 [ERR] Create Product Failed
AutoMapper.AutoMapperMappingException: Missing type map configuration or unsupported mapping.

Mapping types:
CreateProductModel -> Product
GtrWork.Areas.Admin.Models.CreateProductModel -> GtrWork.Training.BusinessObjects.Product
   at lambda_method629(Closure , Object , Product , ResolutionContext )
   at GtrWork.Areas.Admin.Models.CreateProductModel.CreateProduct() in F:\GtrWork\GtrWork\Areas\Admin\Models\CreateProductModel.cs:line 40
   at GtrWork.Areas.admin.Controllers.ProductController.Create(CreateProductModel model) in F:\GtrWork\GtrWork\Areas\Admin\Controllers\ProductController.cs:line 53
2023-02-18 10:27:48.806 +06:00 [INF] Application Starting up
2023-02-18 10:28:17.046 +06:00 [ERR] Create Product Failed
AutoMapper.AutoMapperMappingException: Missing type map configuration or unsupported mapping.

Mapping types:
CreateProductModel -> Product
GtrWork.Areas.Admin.Models.CreateProductModel -> GtrWork.Training.BusinessObjects.Product
   at lambda_method622(Closure , Object , Product , ResolutionContext )
   at GtrWork.Areas.Admin.Models.CreateProductModel.CreateProduct() in F:\GtrWork\GtrWork\Areas\Admin\Models\CreateProductModel.cs:line 40
   at GtrWork.Areas.admin.Controllers.ProductController.Create(CreateProductModel model) in F:\GtrWork\GtrWork\Areas\Admin\Controllers\ProductController.cs:line 53
2023-02-18 10:30:20.630 +06:00 [INF] Application Starting up
2023-02-18 10:38:04.496 +06:00 [INF] Application Starting up
2023-02-18 10:38:30.604 +06:00 [ERR] Create Product Failed
AutoMapper.AutoMapperMappingException: Missing type map configuration or unsupported mapping.

Mapping types:
CreateProductModel -> Product
GtrWork.Areas.Admin.Models.CreateProductModel -> GtrWork.Training.BusinessObjects.Product
   at lambda_method624(Closure , Object , Product , ResolutionContext )
   at GtrWork.Areas.Admin.Models.CreateProductModel.CreateProduct() in F:\GtrWork\GtrWork\Areas\Admin\Models\CreateProductModel.cs:line 40
   at GtrWork.Areas.admin.Controllers.ProductController.Create(CreateProductModel model) in F:\GtrWork\GtrWork\Areas\Admin\Controllers\ProductController.cs:line 53
2023-02-18 10:42:16.390 +06:00 [INF] Application Starting up
2023-02-18 10:42:40.966 +06:00 [ERR] Create Product Failed
AutoMapper.AutoMapperMappingException: Missing type map configuration or unsupported mapping.

Mapping types:
CreateProductModel -> Product
GtrWork.Areas.Admin.Models.CreateProductModel -> GtrWork.Training.BusinessObjects.Product
   at lambda_method612(Closure , Object , Product , ResolutionContext )
   at GtrWork.Areas.Admin.Models.CreateProductModel.CreateProduct() in F:\GtrWork\GtrWork\Areas\Admin\Models\CreateProductModel.cs:line 40
   at GtrWork.Areas.admin.Controllers.ProductController.Create(CreateProductModel model) in F:\GtrWork\GtrWork\Areas\Admin\Controllers\ProductController.cs:line 53
2023-02-18 10:42:58.040 +06:00 [ERR] Create Product Failed
AutoMapper.AutoMapperMappingException: Missing type map configuration or unsupported mapping.

Mapping types:
CreateProductModel -> Product
GtrWork.Areas.Admin.Models.CreateProductModel -> GtrWork.Training.BusinessObjects.Product
   at lambda_method612(Closure , Object , Product , ResolutionContext )
   at GtrWork.Areas.Admin.Models.CreateProductModel.CreateProduct() in F:\GtrWork\GtrWork\Areas\Admin\Models\CreateProductModel.cs:line 40
   at GtrWork.Areas.admin.Controllers.ProductController.Create(CreateProductModel model) in F:\GtrWork\GtrWork\Areas\Admin\Controllers\ProductController.cs:line 53
2023-02-18 10:43:06.036 +06:00 [ERR] Create Product Failed
AutoMapper.AutoMapperMappingException: Missing type map configuration or unsupported mapping.

Mapping types:
CreateProductModel -> Product
GtrWork.Areas.Admin.Models.CreateProductModel -> GtrWork.Training.BusinessObjects.Product
   at lambda_method612(Closure , Object , Product , ResolutionContext )
   at GtrWork.Areas.Admin.Models.CreateProductModel.CreateProduct() in F:\GtrWork\GtrWork\Areas\Admin\Models\CreateProductModel.cs:line 40
   at GtrWork.Areas.admin.Controllers.ProductController.Create(CreateProductModel model) in F:\GtrWork\GtrWork\Areas\Admin\Controllers\ProductController.cs:line 53
2023-02-18 10:43:16.587 +06:00 [ERR] Create Product Failed
AutoMapper.AutoMapperMappingException: Missing type map configuration or unsupported mapping.

Mapping types:
CreateProductModel -> Product
GtrWork.Areas.Admin.Models.CreateProductModel -> GtrWork.Training.BusinessObjects.Product
   at lambda_method612(Closure , Object , Product , ResolutionContext )
   at GtrWork.Areas.Admin.Models.CreateProductModel.CreateProduct() in F:\GtrWork\GtrWork\Areas\Admin\Models\CreateProductModel.cs:line 40
   at GtrWork.Areas.admin.Controllers.ProductController.Create(CreateProductModel model) in F:\GtrWork\GtrWork\Areas\Admin\Controllers\ProductController.cs:line 53
2023-02-18 10:43:54.829 +06:00 [ERR] An unhandled exception has occurred while executing the request.
AutoMapper.AutoMapperMappingException: Missing type map configuration or unsupported mapping.

Mapping types:
EditProductModel -> Product
GtrWork.Areas.Admin.Models.EditProductModel -> GtrWork.Training.BusinessObjects.Product
   at lambda_method633(Closure , Object , Product , ResolutionContext )
   at GtrWork.Areas.Admin.Models.EditProductModel.Update() in F:\GtrWork\GtrWork\Areas\Admin\Models\EditProductModel.cs:line 51
   at GtrWork.Areas.admin.Controllers.ProductController.Edit(EditProductModel model) in F:\GtrWork\GtrWork\Areas\Admin\Controllers\ProductController.cs:line 76
   at lambda_method630(Closure , Object , Object[] )
   at Microsoft.AspNetCore.Mvc.Infrastructure.ActionMethodExecutor.SyncActionResultExecutor.Execute(IActionResultTypeMapper mapper, ObjectMethodExecutor executor, Object controller, Object[] arguments)
   at Microsoft.AspNetCore.Mvc.Infrastructure.ControllerActionInvoker.InvokeActionMethodAsync()
   at Microsoft.AspNetCore.Mvc.Infrastructure.ControllerActionInvoker.Next(State& next, Scope& scope, Object& state, Boolean& isCompleted)
   at Microsoft.AspNetCore.Mvc.Infrastructure.ControllerActionInvoker.InvokeNextActionFilterAsync()
--- End of stack trace from previous location ---
   at Microsoft.AspNetCore.Mvc.Infrastructure.ControllerActionInvoker.Rethrow(ActionExecutedContextSealed context)
   at Microsoft.AspNetCore.Mvc.Infrastructure.ControllerActionInvoker.Next(State& next, Scope& scope, Object& state, Boolean& isCompleted)
   at Microsoft.AspNetCore.Mvc.Infrastructure.ControllerActionInvoker.InvokeInnerFilterAsync()
--- End of stack trace from previous location ---
   at Microsoft.AspNetCore.Mvc.Infrastructure.ResourceInvoker.<InvokeNextResourceFilter>g__Awaited|24_0(ResourceInvoker invoker, Task lastTask, State next, Scope scope, Object state, Boolean isCompleted)
   at Microsoft.AspNetCore.Mvc.Infrastructure.ResourceInvoker.Rethrow(ResourceExecutedContextSealed context)
   at Microsoft.AspNetCore.Mvc.Infrastructure.ResourceInvoker.Next(State& next, Scope& scope, Object& state, Boolean& isCompleted)
   at Microsoft.AspNetCore.Mvc.Infrastructure.ResourceInvoker.InvokeFilterPipelineAsync()
--- End of stack trace from previous location ---
   at Microsoft.AspNetCore.Mvc.Infrastructure.ResourceInvoker.<InvokeAsync>g__Awaited|17_0(ResourceInvoker invoker, Task task, IDisposable scope)
   at Microsoft.AspNetCore.Routing.EndpointMiddleware.<Invoke>g__AwaitRequestTask|6_0(Endpoint endpoint, Task requestTask, ILogger logger)
   at Microsoft.AspNetCore.Session.SessionMiddleware.Invoke(HttpContext context)
   at Microsoft.AspNetCore.Session.SessionMiddleware.Invoke(HttpContext context)
   at Microsoft.AspNetCore.Authorization.AuthorizationMiddleware.Invoke(HttpContext context)
   at Microsoft.AspNetCore.Authentication.AuthenticationMiddleware.Invoke(HttpContext context)
   at Microsoft.AspNetCore.Diagnostics.EntityFrameworkCore.MigrationsEndPointMiddleware.Invoke(HttpContext context)
   at Microsoft.AspNetCore.Diagnostics.DeveloperExceptionPageMiddleware.Invoke(HttpContext context)
2023-02-18 11:11:18.382 +06:00 [INF] Application Starting up
2023-02-18 11:11:58.433 +06:00 [ERR] Create Product Failed
AutoMapper.AutoMapperMappingException: Missing type map configuration or unsupported mapping.

Mapping types:
CreateProductModel -> Product
GtrWork.Areas.Admin.Models.CreateProductModel -> GtrWork.Training.BusinessObjects.Product
   at lambda_method612(Closure , Object , Product , ResolutionContext )
   at GtrWork.Areas.Admin.Models.CreateProductModel.CreateProduct() in F:\GtrWork\GtrWork\Areas\Admin\Models\CreateProductModel.cs:line 51
   at GtrWork.Areas.admin.Controllers.ProductController.Create(CreateProductModel model) in F:\GtrWork\GtrWork\Areas\Admin\Controllers\ProductController.cs:line 52
2023-02-18 11:25:29.807 +06:00 [INF] Application Starting up
2023-02-18 11:25:51.526 +06:00 [ERR] Create Product Failed
AutoMapper.AutoMapperMappingException: Missing type map configuration or unsupported mapping.

Mapping types:
CreateProductModel -> Product
GtrWork.Areas.Admin.Models.CreateProductModel -> GtrWork.Training.BusinessObjects.Product
   at lambda_method612(Closure , Object , Product , ResolutionContext )
   at GtrWork.Areas.Admin.Models.CreateProductModel.CreateProduct() in F:\GtrWork\GtrWork\Areas\Admin\Models\CreateProductModel.cs:line 43
   at GtrWork.Areas.admin.Controllers.ProductController.Create(CreateProductModel model) in F:\GtrWork\GtrWork\Areas\Admin\Controllers\ProductController.cs:line 52
2023-02-18 11:26:09.431 +06:00 [ERR] Create Product Failed
AutoMapper.AutoMapperMappingException: Missing type map configuration or unsupported mapping.

Mapping types:
CreateProductModel -> Product
GtrWork.Areas.Admin.Models.CreateProductModel -> GtrWork.Training.BusinessObjects.Product
   at lambda_method612(Closure , Object , Product , ResolutionContext )
   at GtrWork.Areas.Admin.Models.CreateProductModel.CreateProduct() in F:\GtrWork\GtrWork\Areas\Admin\Models\CreateProductModel.cs:line 43
   at GtrWork.Areas.admin.Controllers.ProductController.Create(CreateProductModel model) in F:\GtrWork\GtrWork\Areas\Admin\Controllers\ProductController.cs:line 52
2023-02-18 11:29:53.615 +06:00 [INF] Application Starting up
2023-02-18 11:30:06.257 +06:00 [ERR] Create Product Failed
AutoMapper.AutoMapperMappingException: Missing type map configuration or unsupported mapping.

Mapping types:
CreateProductModel -> Product
GtrWork.Areas.Admin.Models.CreateProductModel -> GtrWork.Training.BusinessObjects.Product
   at lambda_method612(Closure , Object , Product , ResolutionContext )
   at GtrWork.Areas.Admin.Models.CreateProductModel.CreateProduct() in F:\GtrWork\GtrWork\Areas\Admin\Models\CreateProductModel.cs:line 43
   at GtrWork.Areas.admin.Controllers.ProductController.Create(CreateProductModel model) in F:\GtrWork\GtrWork\Areas\Admin\Controllers\ProductController.cs:line 52
2023-02-18 11:31:26.395 +06:00 [INF] Application Starting up
2023-02-18 11:31:57.566 +06:00 [ERR] Create Product Failed
AutoMapper.AutoMapperMappingException: Missing type map configuration or unsupported mapping.

Mapping types:
CreateProductModel -> Product
GtrWork.Areas.Admin.Models.CreateProductModel -> GtrWork.Training.BusinessObjects.Product
   at lambda_method622(Closure , Object , Product , ResolutionContext )
   at GtrWork.Areas.Admin.Models.CreateProductModel.CreateProduct() in F:\GtrWork\GtrWork\Areas\Admin\Models\CreateProductModel.cs:line 43
   at GtrWork.Areas.admin.Controllers.ProductController.Create(CreateProductModel model) in F:\GtrWork\GtrWork\Areas\Admin\Controllers\ProductController.cs:line 52
2023-02-18 11:34:29.957 +06:00 [INF] Application Starting up
2023-02-18 11:36:16.871 +06:00 [ERR] An unhandled exception has occurred while executing the request.
AutoMapper.AutoMapperMappingException: Error mapping types.

Mapping types:
Product -> Product
GtrWork.Training.Entities.Product -> GtrWork.Training.BusinessObjects.Product

Type Map configuration:
Product -> Product
GtrWork.Training.Entities.Product -> GtrWork.Training.BusinessObjects.Product

Destination Member:
Product_Id

 ---> System.FormatException: Input string was not in a correct format.
   at System.Number.ThrowOverflowOrFormatException(ParsingStatus status, TypeCode type)
   at System.Number.ParseInt32(ReadOnlySpan`1 value, NumberStyles styles, NumberFormatInfo info)
   at lambda_method645(Closure , Object , Product , ResolutionContext )
   --- End of inner exception stack trace ---
   at lambda_method645(Closure , Object , Product , ResolutionContext )
   at GtrWork.Training.Services.ProductService.<>c__DisplayClass8_0.<GetProducts>b__1(Product product) in F:\GtrWork\GtrWork.Training\Services\ProductService.cs:line 81
   at System.Linq.Enumerable.SelectListIterator`2.ToList()
   at GtrWork.Training.Services.ProductService.GetProducts(Int32 pageIndex, Int32 pageSize, String searchText, String sortText) in F:\GtrWork\GtrWork.Training\Services\ProductService.cs:line 80
   at GtrWork.Areas.Admin.Models.ProductListModel.GetProducts(DataTablesAjaxRequestModel tableModel) in F:\GtrWork\GtrWork\Areas\Admin\Models\ProductListModel.cs:line 31
   at GtrWork.Areas.admin.Controllers.ProductController.GetProductData() in F:\GtrWork\GtrWork\Areas\Admin\Controllers\ProductController.cs:line 34
   at lambda_method600(Closure , Object , Object[] )
   at Microsoft.AspNetCore.Mvc.Infrastructure.ActionMethodExecutor.SyncActionResultExecutor.Execute(IActionResultTypeMapper mapper, ObjectMethodExecutor executor, Object controller, Object[] arguments)
   at Microsoft.AspNetCore.Mvc.Infrastructure.ControllerActionInvoker.InvokeActionMethodAsync()
   at Microsoft.AspNetCore.Mvc.Infrastructure.ControllerActionInvoker.Next(State& next, Scope& scope, Object& state, Boolean& isCompleted)
   at Microsoft.AspNetCore.Mvc.Infrastructure.ControllerActionInvoker.InvokeNextActionFilterAsync()
--- End of stack trace from previous location ---
   at Microsoft.AspNetCore.Mvc.Infrastructure.ControllerActionInvoker.Rethrow(ActionExecutedContextSealed context)
   at Microsoft.AspNetCore.Mvc.Infrastructure.ControllerActionInvoker.Next(State& next, Scope& scope, Object& state, Boolean& isCompleted)
   at Microsoft.AspNetCore.Mvc.Infrastructure.ControllerActionInvoker.InvokeInnerFilterAsync()
--- End of stack trace from previous location ---
   at Microsoft.AspNetCore.Mvc.Infrastructure.ResourceInvoker.<InvokeNextResourceFilter>g__Awaited|24_0(ResourceInvoker invoker, Task lastTask, State next, Scope scope, Object state, Boolean isCompleted)
   at Microsoft.AspNetCore.Mvc.Infrastructure.ResourceInvoker.Rethrow(ResourceExecutedContextSealed context)
   at Microsoft.AspNetCore.Mvc.Infrastructure.ResourceInvoker.Next(State& next, Scope& scope, Object& state, Boolean& isCompleted)
   at Microsoft.AspNetCore.Mvc.Infrastructure.ResourceInvoker.InvokeFilterPipelineAsync()
--- End of stack trace from previous location ---
   at Microsoft.AspNetCore.Mvc.Infrastructure.ResourceInvoker.<InvokeAsync>g__Awaited|17_0(ResourceInvoker invoker, Task task, IDisposable scope)
   at Microsoft.AspNetCore.Routing.EndpointMiddleware.<Invoke>g__AwaitRequestTask|6_0(Endpoint endpoint, Task requestTask, ILogger logger)
   at Microsoft.AspNetCore.Session.SessionMiddleware.Invoke(HttpContext context)
   at Microsoft.AspNetCore.Session.SessionMiddleware.Invoke(HttpContext context)
   at Microsoft.AspNetCore.Authorization.AuthorizationMiddleware.Invoke(HttpContext context)
   at Microsoft.AspNetCore.Authentication.AuthenticationMiddleware.Invoke(HttpContext context)
   at Microsoft.AspNetCore.Diagnostics.EntityFrameworkCore.MigrationsEndPointMiddleware.Invoke(HttpContext context)
   at Microsoft.AspNetCore.Diagnostics.DeveloperExceptionPageMiddleware.Invoke(HttpContext context)
2023-02-18 11:39:33.635 +06:00 [ERR] An unhandled exception has occurred while executing the request.
AutoMapper.AutoMapperMappingException: Error mapping types.

Mapping types:
Product -> Product
GtrWork.Training.Entities.Product -> GtrWork.Training.BusinessObjects.Product

Type Map configuration:
Product -> Product
GtrWork.Training.Entities.Product -> GtrWork.Training.BusinessObjects.Product

Destination Member:
Product_Id

 ---> System.FormatException: Input string was not in a correct format.
   at System.Number.ThrowOverflowOrFormatException(ParsingStatus status, TypeCode type)
   at System.Number.ParseInt32(ReadOnlySpan`1 value, NumberStyles styles, NumberFormatInfo info)
   at lambda_method645(Closure , Object , Product , ResolutionContext )
   --- End of inner exception stack trace ---
   at lambda_method645(Closure , Object , Product , ResolutionContext )
   at GtrWork.Training.Services.ProductService.<>c__DisplayClass8_0.<GetProducts>b__1(Product product) in F:\GtrWork\GtrWork.Training\Services\ProductService.cs:line 81
   at System.Linq.Enumerable.SelectListIterator`2.ToList()
   at GtrWork.Training.Services.ProductService.GetProducts(Int32 pageIndex, Int32 pageSize, String searchText, String sortText) in F:\GtrWork\GtrWork.Training\Services\ProductService.cs:line 80
   at GtrWork.Areas.Admin.Models.ProductListModel.GetProducts(DataTablesAjaxRequestModel tableModel) in F:\GtrWork\GtrWork\Areas\Admin\Models\ProductListModel.cs:line 31
   at GtrWork.Areas.admin.Controllers.ProductController.GetProductData() in F:\GtrWork\GtrWork\Areas\Admin\Controllers\ProductController.cs:line 34
   at lambda_method600(Closure , Object , Object[] )
   at Microsoft.AspNetCore.Mvc.Infrastructure.ActionMethodExecutor.SyncActionResultExecutor.Execute(IActionResultTypeMapper mapper, ObjectMethodExecutor executor, Object controller, Object[] arguments)
   at Microsoft.AspNetCore.Mvc.Infrastructure.ControllerActionInvoker.InvokeActionMethodAsync()
   at Microsoft.AspNetCore.Mvc.Infrastructure.ControllerActionInvoker.Next(State& next, Scope& scope, Object& state, Boolean& isCompleted)
   at Microsoft.AspNetCore.Mvc.Infrastructure.ControllerActionInvoker.InvokeNextActionFilterAsync()
--- End of stack trace from previous location ---
   at Microsoft.AspNetCore.Mvc.Infrastructure.ControllerActionInvoker.Rethrow(ActionExecutedContextSealed context)
   at Microsoft.AspNetCore.Mvc.Infrastructure.ControllerActionInvoker.Next(State& next, Scope& scope, Object& state, Boolean& isCompleted)
   at Microsoft.AspNetCore.Mvc.Infrastructure.ControllerActionInvoker.InvokeInnerFilterAsync()
--- End of stack trace from previous location ---
   at Microsoft.AspNetCore.Mvc.Infrastructure.ResourceInvoker.<InvokeNextResourceFilter>g__Awaited|24_0(ResourceInvoker invoker, Task lastTask, State next, Scope scope, Object state, Boolean isCompleted)
   at Microsoft.AspNetCore.Mvc.Infrastructure.ResourceInvoker.Rethrow(ResourceExecutedContextSealed context)
   at Microsoft.AspNetCore.Mvc.Infrastructure.ResourceInvoker.Next(State& next, Scope& scope, Object& state, Boolean& isCompleted)
   at Microsoft.AspNetCore.Mvc.Infrastructure.ResourceInvoker.InvokeFilterPipelineAsync()
--- End of stack trace from previous location ---
   at Microsoft.AspNetCore.Mvc.Infrastructure.ResourceInvoker.<InvokeAsync>g__Awaited|17_0(ResourceInvoker invoker, Task task, IDisposable scope)
   at Microsoft.AspNetCore.Routing.EndpointMiddleware.<Invoke>g__AwaitRequestTask|6_0(Endpoint endpoint, Task requestTask, ILogger logger)
   at Microsoft.AspNetCore.Session.SessionMiddleware.Invoke(HttpContext context)
   at Microsoft.AspNetCore.Session.SessionMiddleware.Invoke(HttpContext context)
   at Microsoft.AspNetCore.Authorization.AuthorizationMiddleware.Invoke(HttpContext context)
   at Microsoft.AspNetCore.Authentication.AuthenticationMiddleware.Invoke(HttpContext context)
   at Microsoft.AspNetCore.Diagnostics.EntityFrameworkCore.MigrationsEndPointMiddleware.Invoke(HttpContext context)
   at Microsoft.AspNetCore.Diagnostics.DeveloperExceptionPageMiddleware.Invoke(HttpContext context)
2023-02-18 11:39:59.190 +06:00 [ERR] Create Product Failed
AutoMapper.AutoMapperMappingException: Missing type map configuration or unsupported mapping.

Mapping types:
CreateProductModel -> Product
GtrWork.Areas.Admin.Models.CreateProductModel -> GtrWork.Training.BusinessObjects.Product
   at lambda_method669(Closure , Object , Product , ResolutionContext )
   at GtrWork.Areas.Admin.Models.CreateProductModel.CreateProduct() in F:\GtrWork\GtrWork\Areas\Admin\Models\CreateProductModel.cs:line 43
   at GtrWork.Areas.admin.Controllers.ProductController.Create(CreateProductModel model) in F:\GtrWork\GtrWork\Areas\Admin\Controllers\ProductController.cs:line 52
